2025-04-28 12:41:50,323 [INFO] renter: received invoice: {'action': 'sign', 'payload': {'type': 'voucher', 'amount': 3000, 'nonce': 5}, 'signed': True}
2025-04-28 12:42:39,235 [INFO] renter: received invoice: {'action': 'sign', 'payload': {'type': 'voucher', 'amount': 3000, 'nonce': 5}, 'signed': True}
2025-04-28 12:45:18,483 [INFO] renter: received invoice: {'action': 'sign', 'payload': {'type': 'voucher', 'amount': 3000, 'nonce': '2025-04-28 12:45:18.481428'}, 'signed': True}
2025-04-28 12:45:28,489 [INFO] renter: received invoice: {'action': 'sign', 'payload': {'type': 'voucher', 'amount': 3000, 'nonce': '2025-04-28 12:45:28.487933'}, 'signed': True}
2025-04-28 12:45:38,493 [INFO] renter: received invoice: {'action': 'sign', 'payload': {'type': 'voucher', 'amount': 3000, 'nonce': '2025-04-28 12:45:38.492271'}, 'signed': True}
2025-04-28 12:45:48,497 [INFO] renter: received invoice: {'action': 'sign', 'payload': {'type': 'voucher', 'amount': 3000, 'nonce': '2025-04-28 12:45:48.496153'}, 'signed': True}
2025-04-28 12:45:58,501 [INFO] renter: received invoice: {'action': 'sign', 'payload': {'type': 'voucher', 'amount': 3000, 'nonce': '2025-04-28 12:45:58.500279'}, 'signed': True}
2025-04-28 12:46:08,504 [INFO] renter: received invoice: {'action': 'sign', 'payload': {'type': 'voucher', 'amount': 3000, 'nonce': '2025-04-28 12:46:08.503427'}, 'signed': True}
2025-04-28 12:46:18,508 [INFO] renter: received invoice: {'action': 'sign', 'payload': {'type': 'voucher', 'amount': 3000, 'nonce': '2025-04-28 12:46:18.506970'}, 'signed': True}
2025-04-28 12:46:28,511 [INFO] renter: received invoice: {'action': 'sign', 'payload': {'type': 'voucher', 'amount': 3000, 'nonce': '2025-04-28 12:46:28.510640'}, 'signed': True}
2025-04-28 13:26:24,348 [ERROR] asyncio: Task was destroyed but it is pending!
task: <Task cancelling name='Task-4' coro=<WebSocketCommonProtocol.close_connection() running at /Users/timurtakhtarov/School/CSCE489/computemarket/client/venv/lib/python3.13/site-packages/websockets/legacy/protocol.py:1289> wait_for=<Future pending cb=[shield.<locals>._outer_done_callback() at /opt/homebrew/Cellar/python@3.13/3.13.3/Frameworks/Python.framework/Versions/3.13/lib/python3.13/asyncio/tasks.py:975, Task.task_wakeup()]> cb=[gather.<locals>._done_callback() at /opt/homebrew/Cellar/python@3.13/3.13.3/Frameworks/Python.framework/Versions/3.13/lib/python3.13/asyncio/tasks.py:820]>
2025-04-28 13:29:14,706 [INFO] renter: received invoice: {'action': 'sign', 'payload': {'type': 'voucher', 'amount': 3000, 'nonce': '2025-04-28 13:29:14.704357'}, 'signed': True}
2025-04-28 13:29:24,711 [INFO] renter: received invoice: {'action': 'sign', 'payload': {'type': 'voucher', 'amount': 3000, 'nonce': '2025-04-28 13:29:24.709778'}, 'signed': True}
2025-04-28 13:29:29,768 [ERROR] asyncio: Task was destroyed but it is pending!
task: <Task cancelling name='Task-4' coro=<WebSocketCommonProtocol.close_connection() running at /Users/timurtakhtarov/School/CSCE489/computemarket/client/venv/lib/python3.13/site-packages/websockets/legacy/protocol.py:1289> wait_for=<Future pending cb=[shield.<locals>._outer_done_callback() at /opt/homebrew/Cellar/python@3.13/3.13.3/Frameworks/Python.framework/Versions/3.13/lib/python3.13/asyncio/tasks.py:975, Task.task_wakeup()]> cb=[gather.<locals>._done_callback() at /opt/homebrew/Cellar/python@3.13/3.13.3/Frameworks/Python.framework/Versions/3.13/lib/python3.13/asyncio/tasks.py:820]>
2025-04-28 13:43:21,209 [ERROR] asyncio: Task was destroyed but it is pending!
task: <Task cancelling name='Task-4' coro=<WebSocketCommonProtocol.close_connection() running at /Users/timurtakhtarov/School/CSCE489/computemarket/client/venv/lib/python3.13/site-packages/websockets/legacy/protocol.py:1289> wait_for=<Future pending cb=[shield.<locals>._outer_done_callback() at /opt/homebrew/Cellar/python@3.13/3.13.3/Frameworks/Python.framework/Versions/3.13/lib/python3.13/asyncio/tasks.py:975, Task.task_wakeup()]> cb=[gather.<locals>._done_callback() at /opt/homebrew/Cellar/python@3.13/3.13.3/Frameworks/Python.framework/Versions/3.13/lib/python3.13/asyncio/tasks.py:820]>
2025-04-28 13:47:46,949 [INFO] renter: received invoice: {'action': 'sign', 'payload': {'timestamp': '2025-04-28 13:47:46.948684'}, 'signed': True}
2025-04-28 13:47:51,953 [INFO] renter: received invoice: {'action': 'sign', 'payload': {'timestamp': '2025-04-28 13:47:51.951357'}, 'signed': True}
2025-04-28 13:47:56,957 [INFO] renter: received invoice: {'action': 'sign', 'payload': {'timestamp': '2025-04-28 13:47:56.955670'}, 'signed': True}
2025-04-28 13:48:00,427 [ERROR] asyncio: Task was destroyed but it is pending!
task: <Task cancelling name='Task-4' coro=<WebSocketCommonProtocol.close_connection() running at /Users/timurtakhtarov/School/CSCE489/computemarket/client/venv/lib/python3.13/site-packages/websockets/legacy/protocol.py:1289> wait_for=<Future pending cb=[shield.<locals>._outer_done_callback() at /opt/homebrew/Cellar/python@3.13/3.13.3/Frameworks/Python.framework/Versions/3.13/lib/python3.13/asyncio/tasks.py:975, Task.task_wakeup()]> cb=[gather.<locals>._done_callback() at /opt/homebrew/Cellar/python@3.13/3.13.3/Frameworks/Python.framework/Versions/3.13/lib/python3.13/asyncio/tasks.py:820]>
2025-04-28 15:21:01,500 [INFO] renter: received invoice: {'nonce': 0, 'channel_id': 1, 'sigR': '3a626ed74b1db8e1d9c4a6e71d3aa489e7d81faaff535d16a7259260818fc1696ac74394da3f5a7959d0235e77f5ad2d113ebe8ced5e4ed9f0bfb8ad5368d1271c'}
2025-04-28 15:25:46,450 [ERROR] asyncio: Task was destroyed but it is pending!
task: <Task cancelling name='Task-4' coro=<WebSocketCommonProtocol.close_connection() running at /Users/timurtakhtarov/School/CSCE489/computemarket/client/venv/lib/python3.13/site-packages/websockets/legacy/protocol.py:1289> wait_for=<Future pending cb=[shield.<locals>._outer_done_callback() at /opt/homebrew/Cellar/python@3.13/3.13.3/Frameworks/Python.framework/Versions/3.13/lib/python3.13/asyncio/tasks.py:975, Task.task_wakeup()]> cb=[gather.<locals>._done_callback() at /opt/homebrew/Cellar/python@3.13/3.13.3/Frameworks/Python.framework/Versions/3.13/lib/python3.13/asyncio/tasks.py:820]>
2025-04-28 15:26:34,655 [INFO] renter: received invoice: {'nonce': 0, 'channel_id': 1, 'sigR': '3a626ed74b1db8e1d9c4a6e71d3aa489e7d81faaff535d16a7259260818fc1696ac74394da3f5a7959d0235e77f5ad2d113ebe8ced5e4ed9f0bfb8ad5368d1271c'}
2025-04-28 15:27:00,292 [ERROR] renter: invalid nonce
2025-04-28 15:27:00,293 [INFO] renter: received invoice: {'nonce': 0, 'channel_id': 1, 'sigR': '0'}
2025-04-28 15:27:05,313 [INFO] renter: received invoice: {'nonce': 1, 'channel_id': 1, 'sigR': '83848e5ff4b697d36bc8157f77b4655353b1c09ad98111a8ee68fd013a05f2b74207611b295fc68bb3fc64a403f571307a52888c782fa01a6acf2a105ff02f181b'}
2025-04-28 15:27:10,332 [INFO] renter: received invoice: {'nonce': 2, 'channel_id': 1, 'sigR': 'a139e69ebbf8cd60d1c544ef2f697f054282fa28f1534a6e831c6a76585c3f5d4bf2102b3ca98da206a1aeb4b6071579b4b6d271d2be720546bd083204a40d8d1c'}
2025-04-28 15:27:15,353 [INFO] renter: received invoice: {'nonce': 3, 'channel_id': 1, 'sigR': 'f3d5064a5eb373163a2017f0839c8d664636912977cd077acd80c31869d3abfa50f746d9ae4a07876ddf29b154a9b0077bbe9e00cc3d9a4748aa164749a24c7d1b'}
2025-04-28 15:27:18,149 [ERROR] asyncio: Task was destroyed but it is pending!
task: <Task cancelling name='Task-4' coro=<WebSocketCommonProtocol.close_connection() running at /Users/timurtakhtarov/School/CSCE489/computemarket/client/venv/lib/python3.13/site-packages/websockets/legacy/protocol.py:1289> wait_for=<Future pending cb=[shield.<locals>._outer_done_callback() at /opt/homebrew/Cellar/python@3.13/3.13.3/Frameworks/Python.framework/Versions/3.13/lib/python3.13/asyncio/tasks.py:975, Task.task_wakeup()]> cb=[gather.<locals>._done_callback() at /opt/homebrew/Cellar/python@3.13/3.13.3/Frameworks/Python.framework/Versions/3.13/lib/python3.13/asyncio/tasks.py:820]>
2025-04-28 16:13:34,578 [INFO] renter: received invoice: {'nonce': 0, 'channel_id': 1, 'sigR': '3a626ed74b1db8e1d9c4a6e71d3aa489e7d81faaff535d16a7259260818fc1696ac74394da3f5a7959d0235e77f5ad2d113ebe8ced5e4ed9f0bfb8ad5368d1271c'}
2025-04-28 16:13:39,600 [INFO] renter: received invoice: {'nonce': 1, 'channel_id': 1, 'sigR': '83848e5ff4b697d36bc8157f77b4655353b1c09ad98111a8ee68fd013a05f2b74207611b295fc68bb3fc64a403f571307a52888c782fa01a6acf2a105ff02f181b'}
2025-04-28 16:13:44,625 [INFO] renter: received invoice: {'nonce': 2, 'channel_id': 1, 'sigR': 'a139e69ebbf8cd60d1c544ef2f697f054282fa28f1534a6e831c6a76585c3f5d4bf2102b3ca98da206a1aeb4b6071579b4b6d271d2be720546bd083204a40d8d1c'}
2025-04-28 16:13:47,921 [ERROR] asyncio: Task was destroyed but it is pending!
task: <Task cancelling name='Task-4' coro=<WebSocketCommonProtocol.close_connection() running at /Users/timurtakhtarov/School/CSCE489/computemarket/client/venv/lib/python3.13/site-packages/websockets/legacy/protocol.py:1289> wait_for=<Future pending cb=[shield.<locals>._outer_done_callback() at /opt/homebrew/Cellar/python@3.13/3.13.3/Frameworks/Python.framework/Versions/3.13/lib/python3.13/asyncio/tasks.py:975, Task.task_wakeup()]> cb=[gather.<locals>._done_callback() at /opt/homebrew/Cellar/python@3.13/3.13.3/Frameworks/Python.framework/Versions/3.13/lib/python3.13/asyncio/tasks.py:820]>
